<?xml version="1.0" encoding="UTF-8"?>
<testsuite name="RationalTest" tests="1" skipped="0" failures="0" errors="0" timestamp="2023-09-12T04:36:15" hostname="DESKTOP-QSA54DS" time="0.004">
  <properties/>
  <testcase name="testDivide" classname="RationalTest" time="0.004"/>
  <system-out><![CDATA[]]></system-out>
  <system-err><![CDATA[]]></system-err>
</testsuite>
